2023-03-19 22:00:00.685 - Action : WAITING - CLIENT ID:0
2023-03-19 22:00:00.694 - Action : WAITING - CLIENT ID:1
2023-03-19 22:00:00.685 - Action : CONNECTED - CLIENT ID:0
2023-03-19 22:00:00.695 - Action : WAITING - CLIENT ID:2
2023-03-19 22:00:00.694 - Action : CONNECTED - CLIENT ID:1
2023-03-19 22:00:00.695 - Action : WAITING - CLIENT ID:3
2023-03-19 22:00:00.695 - Action : CONNECTED - CLIENT ID:2
2023-03-19 22:00:00.696 - Action : WAITING - CLIENT ID:4
2023-03-19 22:00:00.697 - Action : WAITING - CLIENT ID:5
2023-03-19 22:00:00.697 - Action : WAITING - CLIENT ID:6
2023-03-19 22:00:00.695 - Action : MESSAGE - CLIENT ID:2 - affaf
2023-03-19 22:00:00.695 - Action : CONNECTED - CLIENT ID:3
2023-03-19 22:00:00.695 - Action : DISCONNECTED - CLIENT ID:2
2023-03-19 22:00:00.695 - Action : MESSAGE - CLIENT ID:3 - hi
2023-03-19 22:04:25.701 - Action : WAITING - CLIENT ID:0
2023-03-19 22:04:25.709 - Action : WAITING - CLIENT ID:1
2023-03-19 22:04:25.701 - Action : CONNECTED - CLIENT ID:0
2023-03-19 22:04:25.71 - Action : WAITING - CLIENT ID:2
2023-03-19 22:04:25.709 - Action : CONNECTED - CLIENT ID:1
2023-03-19 22:04:25.71 - Action : WAITING - CLIENT ID:3
2023-03-19 22:04:25.71 - Action : CONNECTED - CLIENT ID:2
2023-03-19 22:05:05.135 - Action : WAITING - CLIENT ID:0
2023-03-19 22:05:05.144 - Action : WAITING - CLIENT ID:1
2023-03-19 22:05:05.135 - Action : CONNECTED - CLIENT ID:0
2023-03-19 22:05:05.144 - Action : WAITING - CLIENT ID:2
2023-03-19 22:05:05.144 - Action : CONNECTED - CLIENT ID:1
2023-03-19 22:05:05.145 - Action : WAITING - CLIENT ID:3
2023-03-19 22:05:05.144 - Action : CONNECTED - CLIENT ID:2
2023-03-19 22:05:05.135 - Action : MESSAGE - CLIENT ID:0 - hello cara careca
2023-03-19 22:07:10.266 - Action : WAITING - CLIENT ID:0
2023-03-19 22:07:10.275 - Action : WAITING - CLIENT ID:1
2023-03-19 22:07:10.266 - Action : CONNECTED - CLIENT ID:0
2023-03-19 22:07:10.275 - Action : CONNECTED - CLIENT ID:1
2023-03-19 22:07:10.276 - Action : WAITING - CLIENT ID:2
2023-03-19 22:07:10.277 - Action : WAITING - CLIENT ID:3
2023-03-19 22:07:10.276 - Action : CONNECTED - CLIENT ID:2
2023-03-19 22:07:10.276 - Action : MESSAGE - CLIENT ID:2 - hello cara careca
2023-03-19 22:09:22.083 - Action : WAITING - CLIENT ID:0
2023-03-19 22:09:22.091 - Action : WAITING - CLIENT ID:1
2023-03-19 22:09:22.083 - Action : CONNECTED - CLIENT ID:0
2023-03-19 22:09:22.092 - Action : WAITING - CLIENT ID:2
2023-03-19 22:09:22.091 - Action : CONNECTED - CLIENT ID:1
2023-03-19 22:09:22.092 - Action : CONNECTED - CLIENT ID:2
2023-03-19 22:09:22.092 - Action : WAITING - CLIENT ID:3
2023-03-19 22:09:22.093 - Action : WAITING - CLIENT ID:4
2023-03-19 22:09:22.092 - Action : CONNECTED - CLIENT ID:3
2023-03-19 22:09:22.091 - Action : DISCONNECTED - CLIENT ID:1
2023-03-19 22:09:22.093 - Action : CONNECTED - CLIENT ID:4
2023-03-19 22:09:22.083 - Action : DISCONNECTED - CLIENT ID:0
2023-03-19 22:09:22.093 - Action : MESSAGE - CLIENT ID:4 - hello hugh i like your bag. goodbye. seu careca
2023-03-19 22:09:22.092 - Action : MESSAGE - CLIENT ID:2 - hello i goodbye iiiii cara iiiiiiiiiiiiiiiiiiiiiiiiiiiiiiiiiiiiiiiiiiii hugh
2023-03-19 22:14:02.25 - Action : WAITING - CLIENT ID:0
2023-03-19 22:14:02.259 - Action : WAITING - CLIENT ID:1
2023-03-19 22:14:02.25 - Action : CONNECTED - CLIENT ID:0
2023-03-19 22:14:02.259 - Action : CONNECTED - CLIENT ID:1
2023-03-19 22:14:02.26 - Action : WAITING - CLIENT ID:2
2023-03-19 22:14:02.261 - Action : WAITING - CLIENT ID:3
2023-03-19 22:14:02.26 - Action : CONNECTED - CLIENT ID:2
2023-03-19 22:14:02.262 - Action : WAITING - CLIENT ID:4
2023-03-19 22:19:03.642 - Action : WAITING - CLIENT ID:0
2023-03-19 22:19:03.653 - Action : WAITING - CLIENT ID:1
2023-03-19 22:19:03.642 - Action : CONNECTED - CLIENT ID:0
2023-03-19 22:19:03.654 - Action : WAITING - CLIENT ID:2
2023-03-19 22:19:03.653 - Action : CONNECTED - CLIENT ID:1
2023-03-19 22:19:03.654 - Action : WAITING - CLIENT ID:3
2023-03-19 22:19:03.654 - Action : CONNECTED - CLIENT ID:2
2023-03-19 22:20:03.558 - Action : WAITING - CLIENT ID:0
2023-03-19 22:20:03.568 - Action : WAITING - CLIENT ID:1
2023-03-19 22:20:03.558 - Action : CONNECTED - CLIENT ID:0
2023-03-19 22:20:03.569 - Action : WAITING - CLIENT ID:2
2023-03-19 22:20:03.568 - Action : CONNECTED - CLIENT ID:1
2023-03-19 22:20:03.57 - Action : WAITING - CLIENT ID:3
2023-03-19 22:20:03.569 - Action : CONNECTED - CLIENT ID:2
2023-03-19 22:20:03.571 - Action : WAITING - CLIENT ID:4
2023-03-19 22:20:03.572 - Action : WAITING - CLIENT ID:5
2023-03-19 22:20:03.572 - Action : WAITING - CLIENT ID:6
2023-03-19 22:21:04.594 - Action : WAITING - CLIENT ID:0
2023-03-19 22:21:04.604 - Action : WAITING - CLIENT ID:1
2023-03-19 22:21:04.594 - Action : CONNECTED - CLIENT ID:0
2023-03-19 22:21:04.604 - Action : WAITING - CLIENT ID:2
2023-03-19 22:21:04.604 - Action : CONNECTED - CLIENT ID:1
2023-03-19 22:21:04.604 - Action : CONNECTED - CLIENT ID:2
2023-03-19 22:21:04.605 - Action : WAITING - CLIENT ID:3
2023-03-19 22:21:04.606 - Action : WAITING - CLIENT ID:4
2023-03-19 22:21:04.606 - Action : WAITING - CLIENT ID:5
2023-03-19 22:21:04.607 - Action : WAITING - CLIENT ID:6
2023-03-19 22:21:04.607 - Action : WAITING - CLIENT ID:7
2023-03-19 22:21:04.608 - Action : WAITING - CLIENT ID:8
2023-03-19 22:21:04.608 - Action : WAITING - CLIENT ID:9
2023-03-19 22:21:04.609 - Action : WAITING - CLIENT ID:10
2023-03-19 22:21:04.609 - Action : WAITING - CLIENT ID:11
2023-03-19 22:21:04.609 - Action : WAITING - CLIENT ID:12
2023-03-19 22:21:04.61 - Action : WAITING - CLIENT ID:13
2023-03-19 22:21:04.61 - Action : WAITING - CLIENT ID:14
2023-03-19 22:21:04.611 - Action : WAITING - CLIENT ID:15
2023-03-19 22:21:04.612 - Action : WAITING - CLIENT ID:16
2023-03-19 22:21:04.613 - Action : WAITING - CLIENT ID:17
2023-03-19 22:21:04.614 - Action : WAITING - CLIENT ID:18
2023-03-19 22:22:09.57 - Action : WAITING - CLIENT ID:0
2023-03-19 22:22:09.581 - Action : WAITING - CLIENT ID:1
2023-03-19 22:22:09.57 - Action : CONNECTED - CLIENT ID:0
2023-03-19 22:22:09.582 - Action : WAITING - CLIENT ID:2
2023-03-19 22:22:09.581 - Action : CONNECTED - CLIENT ID:1
2023-03-19 22:22:09.583 - Action : WAITING - CLIENT ID:3
2023-03-19 22:22:09.582 - Action : CONNECTED - CLIENT ID:2
2023-03-19 22:22:09.584 - Action : WAITING - CLIENT ID:4
2023-03-19 22:22:45.611 - Action : WAITING - CLIENT ID:0
2023-03-19 22:22:45.621 - Action : WAITING - CLIENT ID:1
2023-03-19 22:22:45.611 - Action : CONNECTED - CLIENT ID:0
2023-03-19 22:22:45.622 - Action : WAITING - CLIENT ID:2
2023-03-19 22:22:45.621 - Action : CONNECTED - CLIENT ID:1
2023-03-19 22:22:45.622 - Action : WAITING - CLIENT ID:3
2023-03-19 22:22:45.622 - Action : CONNECTED - CLIENT ID:2
2023-03-19 22:22:45.623 - Action : WAITING - CLIENT ID:4
2023-03-19 22:22:45.622 - Action : CONNECTED - CLIENT ID:3
2023-03-19 22:22:45.622 - Action : DISCONNECTED - CLIENT ID:2
2023-03-19 22:23:35.603 - Action : WAITING - CLIENT ID:0
2023-03-19 22:23:35.613 - Action : WAITING - CLIENT ID:1
2023-03-19 22:23:35.603 - Action : CONNECTED - CLIENT ID:0
2023-03-19 22:23:35.614 - Action : WAITING - CLIENT ID:2
2023-03-19 22:23:35.613 - Action : CONNECTED - CLIENT ID:1
2023-03-19 22:23:35.614 - Action : CONNECTED - CLIENT ID:2
2023-03-19 22:23:35.614 - Action : WAITING - CLIENT ID:3
2023-03-19 22:23:35.615 - Action : WAITING - CLIENT ID:4
2023-03-19 22:23:35.616 - Action : WAITING - CLIENT ID:5
2023-03-19 22:23:35.616 - Action : WAITING - CLIENT ID:6
2023-03-19 22:23:35.617 - Action : WAITING - CLIENT ID:7
2023-03-19 22:23:35.617 - Action : WAITING - CLIENT ID:8
2023-03-19 22:23:35.618 - Action : WAITING - CLIENT ID:9
2023-03-19 22:23:35.618 - Action : WAITING - CLIENT ID:10
2023-03-19 22:23:35.618 - Action : WAITING - CLIENT ID:11
2023-03-19 22:23:35.619 - Action : WAITING - CLIENT ID:12
2023-03-19 22:23:35.62 - Action : WAITING - CLIENT ID:13
2023-03-19 22:23:35.62 - Action : WAITING - CLIENT ID:14
2023-03-19 22:23:35.621 - Action : WAITING - CLIENT ID:15
2023-03-19 22:23:35.621 - Action : WAITING - CLIENT ID:16
2023-03-19 22:23:35.614 - Action : CONNECTED - CLIENT ID:3
2023-03-19 22:23:35.615 - Action : CONNECTED - CLIENT ID:4
2023-03-19 22:23:35.613 - Action : DISCONNECTED - CLIENT ID:1
2023-03-19 22:23:35.603 - Action : DISCONNECTED - CLIENT ID:0
2023-03-19 22:23:35.614 - Action : DISCONNECTED - CLIENT ID:2
2023-03-19 22:23:35.616 - Action : CONNECTED - CLIENT ID:5
2023-03-19 22:23:35.614 - Action : DISCONNECTED - CLIENT ID:3
2023-03-19 22:23:35.617 - Action : CONNECTED - CLIENT ID:7
2023-03-19 22:23:35.615 - Action : DISCONNECTED - CLIENT ID:4
2023-03-19 22:23:35.616 - Action : CONNECTED - CLIENT ID:6
2023-03-19 22:23:35.616 - Action : DISCONNECTED - CLIENT ID:5
2023-03-19 22:23:35.617 - Action : CONNECTED - CLIENT ID:8
2023-03-19 22:23:35.617 - Action : DISCONNECTED - CLIENT ID:7
2023-03-19 22:23:35.618 - Action : CONNECTED - CLIENT ID:9
2023-03-19 22:23:35.616 - Action : DISCONNECTED - CLIENT ID:6
2023-03-19 22:23:35.618 - Action : CONNECTED - CLIENT ID:10
2023-03-19 22:23:35.617 - Action : DISCONNECTED - CLIENT ID:8
2023-03-19 22:23:35.618 - Action : CONNECTED - CLIENT ID:11
2023-03-19 22:23:35.618 - Action : DISCONNECTED - CLIENT ID:9
2023-03-19 22:23:35.619 - Action : CONNECTED - CLIENT ID:12
2023-03-19 22:23:35.618 - Action : DISCONNECTED - CLIENT ID:10
2023-03-19 22:23:35.62 - Action : CONNECTED - CLIENT ID:13
2023-03-19 22:23:35.619 - Action : DISCONNECTED - CLIENT ID:12
2023-03-19 22:23:35.62 - Action : DISCONNECTED - CLIENT ID:13
2023-03-19 22:23:35.618 - Action : DISCONNECTED - CLIENT ID:11
2023-03-19 22:23:35.621 - Action : CONNECTED - CLIENT ID:15
2023-03-19 22:23:35.62 - Action : CONNECTED - CLIENT ID:14
2023-03-19 22:23:35.621 - Action : CONNECTED - CLIENT ID:16
2023-03-19 22:23:35.621 - Action : DISCONNECTED - CLIENT ID:15
2023-03-19 22:23:35.62 - Action : DISCONNECTED - CLIENT ID:14
2023-03-19 22:23:35.621 - Action : DISCONNECTED - CLIENT ID:16
2023-03-19 22:26:00.853 - Action : WAITING - CLIENT ID:0
2023-03-19 22:26:00.862 - Action : WAITING - CLIENT ID:1
2023-03-19 22:26:00.853 - Action : CONNECTED - CLIENT ID:0
2023-03-19 22:26:00.863 - Action : WAITING - CLIENT ID:2
2023-03-19 22:26:00.862 - Action : CONNECTED - CLIENT ID:1
2023-03-19 22:26:00.863 - Action : CONNECTED - CLIENT ID:2
2023-03-19 22:26:00.864 - Action : WAITING - CLIENT ID:3
2023-03-19 22:26:00.865 - Action : WAITING - CLIENT ID:4
2023-03-19 22:26:00.864 - Action : CONNECTED - CLIENT ID:3
2023-03-19 22:26:00.853 - Action : DISCONNECTED - CLIENT ID:0
2023-03-19 22:30:02.188 - Action : WAITING - CLIENT ID:0
2023-03-19 22:30:02.197 - Action : WAITING - CLIENT ID:1
2023-03-19 22:30:02.188 - Action : CONNECTED - CLIENT ID:0
2023-03-19 22:30:02.197 - Action : WAITING - CLIENT ID:2
2023-03-19 22:30:02.197 - Action : CONNECTED - CLIENT ID:1
2023-03-19 22:30:02.198 - Action : WAITING - CLIENT ID:3
2023-03-19 22:30:02.197 - Action : CONNECTED - CLIENT ID:2
2023-03-19 22:30:02.199 - Action : WAITING - CLIENT ID:4
2023-03-19 22:30:02.2 - Action : WAITING - CLIENT ID:5
2023-03-19 22:30:02.197 - Action : MESSAGE - CLIENT ID:2 - granda careca
2023-03-19 22:32:21.079 - Action : WAITING - CLIENT ID:0
2023-03-19 22:32:21.09 - Action : WAITING - CLIENT ID:1
2023-03-19 22:32:21.079 - Action : CONNECTED - CLIENT ID:0
2023-03-19 22:32:21.09 - Action : CONNECTED - CLIENT ID:1
2023-03-19 22:32:21.091 - Action : WAITING - CLIENT ID:2
2023-03-19 22:32:21.091 - Action : CONNECTED - CLIENT ID:2
2023-03-19 22:32:45.804 - Action : WAITING - CLIENT ID:0
2023-03-19 22:32:45.817 - Action : WAITING - CLIENT ID:1
2023-03-19 22:32:45.804 - Action : CONNECTED - CLIENT ID:0
2023-03-19 22:32:45.817 - Action : WAITING - CLIENT ID:2
2023-03-19 22:32:45.817 - Action : CONNECTED - CLIENT ID:1
2023-03-19 22:32:45.818 - Action : WAITING - CLIENT ID:3
2023-03-19 22:32:45.817 - Action : CONNECTED - CLIENT ID:2
2023-03-19 22:32:45.819 - Action : WAITING - CLIENT ID:4
2023-03-19 22:32:45.817 - Action : MESSAGE - CLIENT ID:1 - fdfafaaffafaf
2023-03-19 22:34:03.008 - Action : WAITING - CLIENT ID:0
2023-03-19 22:34:03.018 - Action : WAITING - CLIENT ID:1
2023-03-19 22:34:03.008 - Action : CONNECTED - CLIENT ID:0
2023-03-19 22:34:03.018 - Action : WAITING - CLIENT ID:2
2023-03-19 22:34:03.018 - Action : CONNECTED - CLIENT ID:1
2023-03-19 22:34:03.018 - Action : CONNECTED - CLIENT ID:2
2023-03-19 22:34:03.019 - Action : WAITING - CLIENT ID:3
2023-03-19 22:34:03.02 - Action : WAITING - CLIENT ID:4
2023-03-19 22:34:03.021 - Action : WAITING - CLIENT ID:5
2023-03-19 22:34:03.018 - Action : MESSAGE - CLIENT ID:2 - faaffafaafaffaffffff
2023-03-19 22:34:26.156 - Action : WAITING - CLIENT ID:6
2023-03-19 22:34:03.019 - Action : CONNECTED - CLIENT ID:3
2023-03-19 22:34:03.018 - Action : DISCONNECTED - CLIENT ID:1
2023-03-19 22:34:03.019 - Action : MESSAGE - CLIENT ID:3 - VOU DORMIR
2023-03-19 22:34:03.008 - Action : DISCONNECTED - CLIENT ID:0
2023-03-19 22:34:03.018 - Action : DISCONNECTED - CLIENT ID:2
2023-03-19 22:34:03.021 - Action : CONNECTED - CLIENT ID:5
2023-03-19 22:34:03.019 - Action : DISCONNECTED - CLIENT ID:3
2023-03-19 22:34:03.02 - Action : CONNECTED - CLIENT ID:4
2023-03-19 22:34:26.156 - Action : CONNECTED - CLIENT ID:6
2023-03-19 22:34:03.02 - Action : DISCONNECTED - CLIENT ID:4
2023-03-19 22:34:03.021 - Action : DISCONNECTED - CLIENT ID:5
2023-03-19 22:35:23.1 - Action : WAITING - CLIENT ID:7
2023-03-19 22:35:23.1 - Action : CONNECTED - CLIENT ID:7
2023-03-19 22:35:23.1 - Action : WAITING - CLIENT ID:8
2023-03-19 22:35:23.1 - Action : CONNECTED - CLIENT ID:8
2023-03-19 22:35:23.101 - Action : WAITING - CLIENT ID:9
2023-03-19 22:35:23.101 - Action : WAITING - CLIENT ID:10
2023-03-19 22:35:23.102 - Action : WAITING - CLIENT ID:11
2023-03-19 22:35:23.103 - Action : WAITING - CLIENT ID:12
